 &plot nbnd=   8, nks=    81 /
            0.000000  0.000000  0.000000
   -5.783    6.293    6.293    6.293    8.843    8.843    8.843    9.760
            0.000000  0.050000  0.000000
   -5.771    6.221    6.244    6.244    8.814    8.905    8.905    9.830
            0.000000  0.100000  0.000000
   -5.739    6.019    6.109    6.109    8.731    9.079    9.079   10.021
            0.000000  0.150000  0.000000
   -5.684    5.725    5.917    5.917    8.603    9.338    9.338   10.284
            0.000000  0.200000  0.000000
   -5.606    5.371    5.694    5.694    8.443    9.655    9.655   10.555
            0.000000  0.250000  0.000000
   -5.507    4.980    5.457    5.457    8.263   10.011   10.011   10.741
            0.000000  0.300000  0.000000
   -5.386    4.564    5.218    5.218    8.070   10.396   10.396   10.733
            0.000000  0.350000  0.000000
   -5.242    4.134    4.983    4.983    7.877   10.504   10.801   10.801
            0.000000  0.400000  0.000000
   -5.078    3.690    4.757    4.757    7.689   10.153   11.215   11.215
            0.000000  0.450000  0.000000
   -4.891    3.243    4.544    4.544    7.512    9.764   11.648   11.648
            0.000000  0.500000  0.000000
   -4.684    2.793    4.346    4.346    7.348    9.368   12.088   12.088
            0.000000  0.550000  0.000000
   -4.457    2.340    4.163    4.163    7.200    8.986   12.536   12.536
            0.000000  0.600000  0.000000
   -4.207    1.887    3.998    3.998    7.072    8.629   12.991   12.991
            0.000000  0.650000  0.000000
   -3.939    1.433    3.851    3.851    6.964    8.300   13.447   13.447
            0.000000  0.700000  0.000000
   -3.651    0.985    3.722    3.722    6.880    8.004   13.915   13.915
            0.000000  0.750000  0.000000
   -3.345    0.541    3.613    3.613    6.820    7.739   14.387   14.387
            0.000000  0.800000  0.000000
   -3.023    0.102    3.523    3.523    6.779    7.506   14.859   14.859
            0.000000  0.850000  0.000000
   -2.682   -0.329    3.453    3.453    6.769    7.306   15.332   15.332
            0.000000  0.900000  0.000000
   -2.325   -0.754    3.402    3.402    6.782    7.140   15.793   15.793
            0.000000  0.950000  0.000000
   -1.953   -1.166    3.372    3.372    6.827    7.005   16.215   16.215
            0.000000  1.000000  0.000000
   -1.566   -1.566    3.361    3.361    6.901    6.901   16.436   16.436
           -0.012500  1.000000  0.012500
   -1.566   -1.564    3.351    3.363    6.902    6.915   16.421   16.428
           -0.025000  1.000000  0.025000
   -1.568   -1.560    3.322    3.366    6.906    6.959   16.377   16.403
           -0.037500  1.000000  0.037500
   -1.570   -1.553    3.274    3.372    6.913    7.029   16.306   16.362
           -0.050000  1.000000  0.050000
   -1.574   -1.542    3.211    3.380    6.922    7.123   16.213   16.306
           -0.062500  1.000000  0.062500
   -1.579   -1.529    3.135    3.390    6.934    7.241   16.102   16.238
           -0.075000  1.000000  0.075000
   -1.585   -1.512    3.048    3.402    6.948    7.377   15.977   16.158
           -0.087500  1.000000  0.087500
   -1.593   -1.493    2.954    3.417    6.965    7.531   15.842   16.069
           -0.100000  1.000000  0.100000
   -1.603   -1.471    2.855    3.433    6.984    7.699   15.696   15.972
           -0.112500  1.000000  0.112500
   -1.614   -1.446    2.753    3.452    7.006    7.881   15.547   15.868
           -0.125000  1.000000  0.125000
   -1.629   -1.418    2.650    3.474    7.030    8.074   15.393   15.759
           -0.137500  1.000000  0.137500
   -1.645   -1.386    2.547    3.497    7.057    8.275   15.236   15.645
           -0.150000  1.000000  0.150000
   -1.665   -1.352    2.447    3.522    7.087    8.486   15.077   15.528
           -0.162500  1.000000  0.162500
   -1.688   -1.315    2.350    3.550    7.119    8.704   14.917   15.408
           -0.175000  1.000000  0.175000
   -1.714   -1.277    2.258    3.579    7.151    8.932   14.756   15.289
           -0.187500  1.000000  0.187500
   -1.745   -1.234    2.171    3.611    7.188    9.163   14.595   15.165
           -0.200000  1.000000  0.200000
   -1.779   -1.186    2.091    3.645    7.229    9.400   14.439   14.998
           -0.212500  1.000000  0.212500
   -1.819   -1.137    2.018    3.681    7.271    9.641   14.277   14.827
           -0.225000  1.000000  0.225000
   -1.864   -1.086    1.952    3.718    7.315    9.887   14.117   14.659
           -0.237500  1.000000  0.237500
   -1.913   -1.031    1.894    3.758    7.361   10.137   13.959   14.495
           -0.250000  1.000000  0.250000
   -1.967   -0.973    1.844    3.800    7.409   10.389   13.802   14.333
           -0.237500  0.987500  0.275000
   -1.997   -0.940    1.828    3.800    7.467   10.520   13.618   14.247
           -0.225000  0.975000  0.300000
   -2.029   -0.903    1.823    3.761    7.588   10.656   13.296   14.000
           -0.212500  0.962500  0.325000
   -2.062   -0.864    1.831    3.691    7.764   10.795   12.918   13.743
           -0.200000  0.950000  0.350000
   -2.093   -0.827    1.851    3.597    7.988   10.934   12.523   13.499
           -0.187500  0.937500  0.375000
   -2.122   -0.793    1.881    3.491    8.251   11.059   12.137   13.266
           -0.175000  0.925000  0.400000
   -2.146   -0.764    1.919    3.383    8.544   11.130   11.814   13.043
           -0.162500  0.912500  0.425000
   -2.166   -0.740    1.960    3.282    8.862   11.010   11.689   12.832
           -0.150000  0.900000  0.450000
   -2.180   -0.723    1.998    3.198    9.196   10.702   11.756   12.637
           -0.137500  0.887500  0.475000
   -2.189   -0.711    2.026    3.142    9.538   10.353   11.871   12.477
           -0.125000  0.875000  0.500000
   -2.191   -0.707    2.037    3.123    9.776   10.111   11.932   12.407
           -0.112500  0.862500  0.525000
   -2.189   -0.711    2.026    3.142    9.538   10.353   11.871   12.477
           -0.100000  0.850000  0.550000
   -2.180   -0.723    1.998    3.198    9.196   10.702   11.756   12.637
           -0.087500  0.837500  0.575000
   -2.166   -0.740    1.960    3.282    8.862   11.010   11.689   12.832
           -0.075000  0.825000  0.600000
   -2.146   -0.764    1.919    3.383    8.544   11.130   11.814   13.043
           -0.062500  0.812500  0.625000
   -2.122   -0.793    1.881    3.491    8.251   11.059   12.137   13.266
           -0.050000  0.800000  0.650000
   -2.093   -0.827    1.851    3.597    7.988   10.934   12.523   13.499
           -0.037500  0.787500  0.675000
   -2.062   -0.864    1.831    3.691    7.764   10.795   12.918   13.743
           -0.025000  0.775000  0.700000
   -2.029   -0.903    1.823    3.761    7.588   10.656   13.296   14.000
           -0.012500  0.762500  0.725000
   -1.997   -0.940    1.828    3.800    7.467   10.520   13.618   14.247
            0.000000  0.750000  0.750000
   -1.967   -0.973    1.844    3.800    7.409   10.389   13.802   14.333
            0.000000  0.712500  0.712500
   -2.158   -0.783    1.747    3.935    7.567   11.156   13.341   13.870
            0.000000  0.675000  0.675000
   -2.388   -0.565    1.727    4.087    7.745   11.912   12.898   13.473
            0.000000  0.637500  0.637500
   -2.648   -0.323    1.777    4.251    7.936   12.445   12.473   13.336
            0.000000  0.600000  0.600000
   -2.927   -0.052    1.889    4.427    8.141   12.069   12.332   13.145
            0.000000  0.562500  0.562500
   -3.218    0.241    2.053    4.611    8.354   11.686   11.998   12.851
            0.000000  0.525000  0.525000
   -3.508    0.560    2.261    4.801    8.569   11.325   11.647   12.587
            0.000000  0.487500  0.487500
   -3.792    0.904    2.507    4.993    8.780   10.987   11.309   12.361
            0.000000  0.450000  0.450000
   -4.066    1.271    2.784    5.183    8.974   10.672   10.988   12.179
            0.000000  0.412500  0.412500
   -4.326    1.662    3.089    5.367    9.142   10.383   10.690   12.050
            0.000000  0.375000  0.375000
   -4.569    2.077    3.415    5.538    9.268   10.117   10.415   11.973
            0.000000  0.337500  0.337500
   -4.794    2.511    3.760    5.697    9.348    9.875   10.157   11.945
            0.000000  0.300000  0.300000
   -4.996    2.966    4.119    5.838    9.381    9.663    9.923   11.940
            0.000000  0.262500  0.262500
   -5.179    3.439    4.484    5.958    9.373    9.471    9.706   11.894
            0.000000  0.225000  0.225000
   -5.337    3.928    4.850    6.058    9.305    9.340    9.513   11.733
            0.000000  0.187500  0.187500
   -5.472    4.424    5.206    6.137    9.164    9.285    9.338   11.406
            0.000000  0.150000  0.150000
   -5.584    4.921    5.541    6.197    9.048    9.182    9.219   10.965
            0.000000  0.112500  0.112500
   -5.671    5.402    5.838    6.241    8.958    9.048    9.137   10.498
            0.000000  0.075000  0.075000
   -5.733    5.836    6.078    6.270    8.894    8.940    9.030   10.098
            0.000000  0.037500  0.037500
   -5.771    6.164    6.236    6.287    8.855    8.868    8.906    9.843
            0.000000  0.000000  0.000000
   -5.783    6.293    6.293    6.293    8.843    8.843    8.843    9.760
